<?xml version="1.0" encoding="UTF-8"?>
<testsuite name="plc.project.evaluator.EvaluatorTests" tests="3" skipped="0" failures="0" errors="0" timestamp="2025-03-13T21:31:35" hostname="DESKTOP-RIV71T5" time="0.084">
  <properties/>
  <testcase name="[1] Function, Ast[ast=Function[name=function, arguments=[]]], Primitive[value=[]], []" classname="plc.project.evaluator.EvaluatorTests" time="0.071"/>
  <testcase name="[2] Argument, Ast[ast=Function[name=function, arguments=[Literal[value=argument]]]], Primitive[value=[Primitive[value=argument]]], []" classname="plc.project.evaluator.EvaluatorTests" time="0.001"/>
  <testcase name="[3] Undefined, Ast[ast=Function[name=undefined, arguments=[Function[name=log, arguments=[Literal[value=argument]]]]]], null, []" classname="plc.project.evaluator.EvaluatorTests" time="0.004"/>
  <system-out><![CDATA[]]></system-out>
  <system-err><![CDATA[]]></system-err>
</testsuite>
