<?xml version="1.0" encoding="UTF-8"?>
<testsuite name="plc.project.parser.ParserTests" tests="2" skipped="0" failures="0" errors="0" timestamp="2025-04-28T19:49:28" hostname="DESKTOP-RIV71T5" time="0.043">
  <properties/>
  <testcase name="[1] Field, Tokens[tokens=[Token[type=IDENTIFIER, literal=OBJECT], Token[type=IDENTIFIER, literal=DO], Token[type=IDENTIFIER, literal=LET], Token[type=IDENTIFIER, literal=field], Token[type=OPERATOR, literal=;], Token[type=IDENTIFIER, literal=END]]], ObjectExpr[name=Optional.empty, fields=[Let[name=field, value=Optional.empty]], methods=[]]" classname="plc.project.parser.ParserTests" time="0.038"/>
  <testcase name="[2] Method, Tokens[tokens=[Token[type=IDENTIFIER, literal=OBJECT], Token[type=IDENTIFIER, literal=DO], Token[type=IDENTIFIER, literal=DEF], Token[type=IDENTIFIER, literal=method], Token[type=OPERATOR, literal=(], Token[type=OPERATOR, literal=)], Token[type=IDENTIFIER, literal=DO], Token[type=IDENTIFIER, literal=END], Token[type=IDENTIFIER, literal=END]]], ObjectExpr[name=Optional.empty, fields=[], methods=[Def[name=method, parameters=[], body=[]]]]" classname="plc.project.parser.ParserTests" time="0.002"/>
  <system-out><![CDATA[]]></system-out>
  <system-err><![CDATA[]]></system-err>
</testsuite>
